<?xml version="1.0" encoding="UTF-8"?>
<!-- Generated by org.testng.reporters.JUnitXMLReporter -->
<testsuite ignored="0" hostname="LTIN217824" failures="0" tests="8" name="Test" time="365.707" errors="0" timestamp="2024-02-16T09:51:36 IST">
  <testcase classname="testCases.TC_001_SearchCourses" name="searchCourses" time="11.112"/>
  <testcase classname="testCases.TC_001_SearchCourses" name="applyFilters" time="3.854"/>
  <testcase classname="testCases.TC_001_SearchCourses" name="coursesDetails" time="4.812"/>
  <testcase classname="testCases.TC_002_LanguageLearning" name="searchLanguageLearning" time="16.285"/>
  <testcase classname="testCases.TC_002_LanguageLearning" name="printCoursesCount" time="220.149"/>
  <testcase classname="testCases.TC_003_FormDetails" name="navigateToForm" time="68.213"/>
  <testcase classname="testCases.TC_003_FormDetails" name="fillFormWithInvalidInput" time="7.417"/>
  <testcase classname="testCases.TC_003_FormDetails" name="validateErrorMessage" time="0.23"/>
</testsuite> <!-- Test -->
