<?xml version="1.0" encoding="UTF-8"?>
<!-- Generated by org.testng.reporters.JUnitXMLReporter -->
<testsuite ignored="0" hostname="LTIN217824" failures="0" tests="8" name="Test" time="382.884" errors="0" timestamp="2024-02-13T09:51:14 IST">
  <testcase classname="testCases.TC_001_SearchCourses" name="searchCourses" time="11.968"/>
  <testcase classname="testCases.TC_001_SearchCourses" name="applyFilters" time="7.683"/>
  <testcase classname="testCases.TC_001_SearchCourses" name="coursesDetails" time="6.62"/>
  <testcase classname="testCases.TC_002_LanguageLearning" name="searchLanguageLearning" time="14.918"/>
  <testcase classname="testCases.TC_002_LanguageLearning" name="printCoursesCount" time="222.497"/>
  <testcase classname="testCases.TC_003_FormDetails" name="navigateToForm" time="64.74"/>
  <testcase classname="testCases.TC_003_FormDetails" name="fillFormWithInvalidInput" time="6.885"/>
  <testcase classname="testCases.TC_003_FormDetails" name="validateErrorMessage" time="0.259"/>
</testsuite> <!-- Test -->
